<?xml version="1.0" encoding="UTF-8"?>
<!-- Generated by org.testng.reporters.JUnitReportReporter -->
<testsuite hostname="TXCHD-LAP-278" failures="0" tests="1" name="LoginTest" time="62.796" errors="0" timestamp="2025-05-28T02:48:00 IST" skipped="0">
  <testcase classname="LoginTest" name="verifyLoginRegisterCTA" time="62.796"/>
</testsuite> <!-- LoginTest -->
